Using pre-set license
Built from '2020.3/staging' branch; Version is '2020.3.0f1 (c7b5465681fb) revision 13088070'; Using compiler version '192528614'; Build Type 'Release'
OS: 'Windows 10 Home Single Language; OS build 19042.1586; Version 2009; 64bit' Language: 'pt' Physical Memory: 8101 MB
BatchMode: 1, IsHumanControllingUs: 0, StartBugReporterOnCrash: 0, Is64bit: 1, IsPro: 0

 COMMAND LINE ARGUMENTS:
C:\Program Files\Unity\Hub\Editor\2020.3.0f1\Editor\Unity.exe
-adb2
-batchMode
-noUpm
-name
AssetImportWorker0
-projectPath
C:/Users/rafae/Desktop/ACE/prototype tatic table
-logFile
Logs/AssetImportWorker0.log
-srvPort
64396
Successfully changed project path to: C:/Users/rafae/Desktop/ACE/prototype tatic table
C:/Users/rafae/Desktop/ACE/prototype tatic table
Using Asset Import Pipeline V2.
Refreshing native plugins compatible for Editor in 86.25 ms, found 1 plugins.
Preloading 0 native plugins for Editor in 0.00 ms.
Initialize engine version: 2020.3.0f1 (c7b5465681fb)
[Subsystems] Discovering subsystems at path C:/Program Files/Unity/Hub/Editor/2020.3.0f1/Editor/Data/Resources/UnitySubsystems
[Subsystems] Discovering subsystems at path C:/Users/rafae/Desktop/ACE/prototype tatic table/Assets
GfxDevice: creating device client; threaded=0
Direct3D:
    Version:  Direct3D 11.0 [level 11.1]
    Renderer: NVIDIA GeForce MX150 (ID=0x1d10)
    Vendor:   
    VRAM:     1983 MB
    Driver:   27.21.14.5749
Initialize mono
Mono path[0] = 'C:/Program Files/Unity/Hub/Editor/2020.3.0f1/Editor/Data/Managed'
Mono path[1] = 'C:/Program Files/Unity/Hub/Editor/2020.3.0f1/Editor/Data/MonoBleedingEdge/lib/mono/unityjit'
Mono config path = 'C:/Program Files/Unity/Hub/Editor/2020.3.0f1/Editor/Data/MonoBleedingEdge/etc'
Using monoOptions --debugger-agent=transport=dt_socket,embedding=1,server=y,suspend=n,address=127.0.0.1:56488
Begin MonoManager ReloadAssembly
Registering precompiled unity dll's ...
Register platform support module: C:/Program Files/Unity/Hub/Editor/2020.3.0f1/Editor/Data/PlaybackEngines/WindowsStandaloneSupport/UnityEditor.WindowsStandalone.Extensions.dll
Registered in 0.003926 seconds.
Native extension for WindowsStandalone target not found
Refreshing native plugins compatible for Editor in 88.60 ms, found 1 plugins.
Preloading 0 native plugins for Editor in 0.00 ms.
Invoked RoslynAnalysisRunner static constructor.
RoslynAnalysisRunner will not be running.
RoslynAnalysisRunner has terminated.
Mono: successfully reloaded assembly
- Completed reload, in  4.654 seconds
Platform modules already initialized, skipping
Registering precompiled user dll's ...
Registered in 0.001983 seconds.
Begin MonoManager ReloadAssembly
Native extension for WindowsStandalone target not found
Refreshing native plugins compatible for Editor in 99.50 ms, found 1 plugins.
Preloading 0 native plugins for Editor in 0.00 ms.
Invoked RoslynAnalysisRunner static constructor.
RoslynAnalysisRunner will not be running.
RoslynAnalysisRunner has terminated.
Mono: successfully reloaded assembly
- Completed reload, in  2.324 seconds
Platform modules already initialized, skipping
========================================================================
Worker process is ready to serve import requests
Launched and connected shader compiler UnityShaderCompiler.exe after 0.12 seconds
Refreshing native plugins compatible for Editor in 1.12 ms, found 1 plugins.
Preloading 0 native plugins for Editor in 0.00 ms.
Unloading 1810 Unused Serialized files (Serialized files now loaded: 0)
System memory in use before: 84.7 MB.
System memory in use after: 84.6 MB.

Unloading 24 unused Assets to reduce memory usage. Loaded Objects now: 2253.
Total: 4.719600 ms (FindLiveObjects: 0.481800 ms CreateObjectMapping: 0.184800 ms MarkObjects: 3.800800 ms  DeleteObjects: 0.249600 ms)

========================================================================
Received Import Request.
  path: Assets/Prefabs/MidcampStripeTile1.prefab
  artifactKey: Guid(03150e1c09ea908468ef90758450d0c4) Importer(815301076,1909f56bfc062723c751e8b465ee728b)
Start importing Assets/Prefabs/MidcampStripeTile1.prefab using Guid(03150e1c09ea908468ef90758450d0c4) Importer(815301076,1909f56bfc062723c751e8b465ee728b)  -> (artifact id: '4ef616477abe560753e8bf9663ee6c10') in 0.249330 seconds
  Import took 0.255579 seconds .

========================================================================
Received Import Request.
  Time since last request: 0.197961 seconds.
  path: Assets/Prefabs/MidcampStripeTile1.prefab
  artifactKey: Guid(03150e1c09ea908468ef90758450d0c4) Importer(815301076,1909f56bfc062723c751e8b465ee728b)
Start importing Assets/Prefabs/MidcampStripeTile1.prefab using Guid(03150e1c09ea908468ef90758450d0c4) Importer(815301076,1909f56bfc062723c751e8b465ee728b)  -> (artifact id: '4ef616477abe560753e8bf9663ee6c10') in 0.018073 seconds
  Import took 0.024969 seconds .

========================================================================
Received Prepare
Registering precompiled user dll's ...
Registered in 0.001869 seconds.
Begin MonoManager ReloadAssembly
Native extension for WindowsStandalone target not found
Refreshing native plugins compatible for Editor in 0.64 ms, found 1 plugins.
Preloading 0 native plugins for Editor in 0.00 ms.
Invoked RoslynAnalysisRunner static constructor.
RoslynAnalysisRunner will not be running.
RoslynAnalysisRunner has terminated.
Mono: successfully reloaded assembly
- Completed reload, in  2.035 seconds
Platform modules already initialized, skipping
Refreshing native plugins compatible for Editor in 0.63 ms, found 1 plugins.
Preloading 0 native plugins for Editor in 0.00 ms.
Unloading 1805 Unused Serialized files (Serialized files now loaded: 0)
System memory in use before: 87.8 MB.
System memory in use after: 87.7 MB.

Unloading 12 unused Assets to reduce memory usage. Loaded Objects now: 2264.
Total: 4.552100 ms (FindLiveObjects: 0.353000 ms CreateObjectMapping: 0.150700 ms MarkObjects: 3.837100 ms  DeleteObjects: 0.209200 ms)

========================================================================
Received Import Request.
  Time since last request: 100.093154 seconds.
  path: Assets/Prefabs/Tile.prefab
  artifactKey: Guid(3ab5258e92d41e247bf58173147bc4bc) Importer(815301076,1909f56bfc062723c751e8b465ee728b)
Start importing Assets/Prefabs/Tile.prefab using Guid(3ab5258e92d41e247bf58173147bc4bc) Importer(815301076,1909f56bfc062723c751e8b465ee728b)  -> (artifact id: '4e92d6ba65beb692b3efe0d194369fd3') in 0.139739 seconds
  Import took 0.147594 seconds .

========================================================================
Received Import Request.
  Time since last request: 2.667577 seconds.
  path: Assets/Prefabs/Tile.prefab
  artifactKey: Guid(3ab5258e92d41e247bf58173147bc4bc) Importer(815301076,1909f56bfc062723c751e8b465ee728b)
Start importing Assets/Prefabs/Tile.prefab using Guid(3ab5258e92d41e247bf58173147bc4bc) Importer(815301076,1909f56bfc062723c751e8b465ee728b)  -> (artifact id: '4de77cbb874b59a2ab304d9427e9fada') in 0.021795 seconds
  Import took 0.029367 seconds .

========================================================================
Received Import Request.
  Time since last request: 3.049570 seconds.
  path: Assets/Prefabs/Tile.prefab
  artifactKey: Guid(3ab5258e92d41e247bf58173147bc4bc) Importer(815301076,1909f56bfc062723c751e8b465ee728b)
Start importing Assets/Prefabs/Tile.prefab using Guid(3ab5258e92d41e247bf58173147bc4bc) Importer(815301076,1909f56bfc062723c751e8b465ee728b)  -> (artifact id: '9b76ebe97ca2c191bec840ff9855157a') in 0.021532 seconds
  Import took 0.028753 seconds .

========================================================================
Received Import Request.
  Time since last request: 0.364949 seconds.
  path: Assets/Prefabs/Tile.prefab
  artifactKey: Guid(3ab5258e92d41e247bf58173147bc4bc) Importer(815301076,1909f56bfc062723c751e8b465ee728b)
Start importing Assets/Prefabs/Tile.prefab using Guid(3ab5258e92d41e247bf58173147bc4bc) Importer(815301076,1909f56bfc062723c751e8b465ee728b)  -> (artifact id: 'cbf3ff904db0266388d893b31bf308db') in 0.028693 seconds
  Import took 0.040949 seconds .

========================================================================
Received Import Request.
  Time since last request: 0.797925 seconds.
  path: Assets/Prefabs/Tile.prefab
  artifactKey: Guid(3ab5258e92d41e247bf58173147bc4bc) Importer(815301076,1909f56bfc062723c751e8b465ee728b)
Start importing Assets/Prefabs/Tile.prefab using Guid(3ab5258e92d41e247bf58173147bc4bc) Importer(815301076,1909f56bfc062723c751e8b465ee728b)  -> (artifact id: '2c247ea50f2171905952285492aefe57') in 0.022736 seconds
  Import took 0.029507 seconds .

========================================================================
Received Prepare
Registering precompiled user dll's ...
Registered in 0.002334 seconds.
Begin MonoManager ReloadAssembly
Native extension for WindowsStandalone target not found
Refreshing native plugins compatible for Editor in 0.68 ms, found 1 plugins.
Preloading 0 native plugins for Editor in 0.00 ms.
Invoked RoslynAnalysisRunner static constructor.
RoslynAnalysisRunner will not be running.
RoslynAnalysisRunner has terminated.
Mono: successfully reloaded assembly
- Completed reload, in  2.147 seconds
Platform modules already initialized, skipping
Refreshing native plugins compatible for Editor in 0.61 ms, found 1 plugins.
Preloading 0 native plugins for Editor in 0.00 ms.
Unloading 1805 Unused Serialized files (Serialized files now loaded: 0)
System memory in use before: 87.8 MB.
System memory in use after: 87.8 MB.

Unloading 12 unused Assets to reduce memory usage. Loaded Objects now: 2269.
Total: 3.898200 ms (FindLiveObjects: 0.400400 ms CreateObjectMapping: 0.151300 ms MarkObjects: 3.140300 ms  DeleteObjects: 0.204000 ms)

========================================================================
Received Prepare
Registering precompiled user dll's ...
Registered in 0.001896 seconds.
Begin MonoManager ReloadAssembly
Native extension for WindowsStandalone target not found
Refreshing native plugins compatible for Editor in 0.64 ms, found 1 plugins.
Preloading 0 native plugins for Editor in 0.00 ms.
Invoked RoslynAnalysisRunner static constructor.
RoslynAnalysisRunner will not be running.
RoslynAnalysisRunner has terminated.
Mono: successfully reloaded assembly
- Completed reload, in  1.902 seconds
Platform modules already initialized, skipping
Refreshing native plugins compatible for Editor in 0.61 ms, found 1 plugins.
Preloading 0 native plugins for Editor in 0.00 ms.
Unloading 1805 Unused Serialized files (Serialized files now loaded: 0)
System memory in use before: 87.8 MB.
System memory in use after: 87.8 MB.

Unloading 12 unused Assets to reduce memory usage. Loaded Objects now: 2273.
Total: 5.233800 ms (FindLiveObjects: 0.591200 ms CreateObjectMapping: 0.165400 ms MarkObjects: 4.265500 ms  DeleteObjects: 0.208600 ms)

========================================================================
Received Import Request.
  Time since last request: 188.996752 seconds.
  path: Assets/Prefabs/Blue Bot.prefab
  artifactKey: Guid(bed9b6fc024363c4ebf7a185d76b107b) Importer(815301076,1909f56bfc062723c751e8b465ee728b)
Start importing Assets/Prefabs/Blue Bot.prefab using Guid(bed9b6fc024363c4ebf7a185d76b107b) Importer(815301076,1909f56bfc062723c751e8b465ee728b)  -> (artifact id: 'c9934ecf2db9a61558dc24021b59c712') in 0.121683 seconds
  Import took 0.132803 seconds .

========================================================================
Received Import Request.
  Time since last request: 0.066255 seconds.
  path: Assets/Prefabs/Blue Bot.prefab
  artifactKey: Guid(bed9b6fc024363c4ebf7a185d76b107b) Importer(815301076,1909f56bfc062723c751e8b465ee728b)
Start importing Assets/Prefabs/Blue Bot.prefab using Guid(bed9b6fc024363c4ebf7a185d76b107b) Importer(815301076,1909f56bfc062723c751e8b465ee728b)  -> (artifact id: 'c9934ecf2db9a61558dc24021b59c712') in 0.017311 seconds
  Import took 0.023318 seconds .

========================================================================
Received Prepare
Registering precompiled user dll's ...
Registered in 0.001906 seconds.
Begin MonoManager ReloadAssembly
Native extension for WindowsStandalone target not found
Refreshing native plugins compatible for Editor in 0.63 ms, found 1 plugins.
Preloading 0 native plugins for Editor in 0.00 ms.
Invoked RoslynAnalysisRunner static constructor.
RoslynAnalysisRunner will not be running.
RoslynAnalysisRunner has terminated.
Mono: successfully reloaded assembly
- Completed reload, in  2.130 seconds
Platform modules already initialized, skipping
Refreshing native plugins compatible for Editor in 0.62 ms, found 1 plugins.
Preloading 0 native plugins for Editor in 0.00 ms.
Unloading 1805 Unused Serialized files (Serialized files now loaded: 0)
System memory in use before: 87.9 MB.
System memory in use after: 87.8 MB.

Unloading 12 unused Assets to reduce memory usage. Loaded Objects now: 2278.
Total: 4.218300 ms (FindLiveObjects: 0.525300 ms CreateObjectMapping: 0.187400 ms MarkObjects: 3.292200 ms  DeleteObjects: 0.211300 ms)

========================================================================
Received Prepare
Registering precompiled user dll's ...
Registered in 0.001827 seconds.
Begin MonoManager ReloadAssembly
Native extension for WindowsStandalone target not found
Refreshing native plugins compatible for Editor in 0.64 ms, found 1 plugins.
Preloading 0 native plugins for Editor in 0.00 ms.
Invoked RoslynAnalysisRunner static constructor.
RoslynAnalysisRunner will not be running.
RoslynAnalysisRunner has terminated.
Mono: successfully reloaded assembly
- Completed reload, in  2.124 seconds
Platform modules already initialized, skipping
Refreshing native plugins compatible for Editor in 0.60 ms, found 1 plugins.
Preloading 0 native plugins for Editor in 0.00 ms.
Unloading 1805 Unused Serialized files (Serialized files now loaded: 0)
System memory in use before: 87.9 MB.
System memory in use after: 87.9 MB.

Unloading 12 unused Assets to reduce memory usage. Loaded Objects now: 2282.
Total: 4.521200 ms (FindLiveObjects: 0.342700 ms CreateObjectMapping: 0.140200 ms MarkObjects: 3.679900 ms  DeleteObjects: 0.356000 ms)

========================================================================
Received Prepare
Registering precompiled user dll's ...
Registered in 0.001880 seconds.
Begin MonoManager ReloadAssembly
Native extension for WindowsStandalone target not found
Refreshing native plugins compatible for Editor in 0.63 ms, found 1 plugins.
Preloading 0 native plugins for Editor in 0.00 ms.
Invoked RoslynAnalysisRunner static constructor.
RoslynAnalysisRunner will not be running.
RoslynAnalysisRunner has terminated.
Mono: successfully reloaded assembly
- Completed reload, in  2.102 seconds
Platform modules already initialized, skipping
Refreshing native plugins compatible for Editor in 1.01 ms, found 1 plugins.
Preloading 0 native plugins for Editor in 0.00 ms.
Unloading 1805 Unused Serialized files (Serialized files now loaded: 0)
System memory in use before: 87.9 MB.
System memory in use after: 87.9 MB.

Unloading 12 unused Assets to reduce memory usage. Loaded Objects now: 2286.
Total: 4.644800 ms (FindLiveObjects: 0.398500 ms CreateObjectMapping: 0.161100 ms MarkObjects: 3.875600 ms  DeleteObjects: 0.207200 ms)

========================================================================
Received Prepare
Registering precompiled user dll's ...
Registered in 0.002248 seconds.
Begin MonoManager ReloadAssembly
Native extension for WindowsStandalone target not found
Refreshing native plugins compatible for Editor in 0.62 ms, found 1 plugins.
Preloading 0 native plugins for Editor in 0.00 ms.
Invoked RoslynAnalysisRunner static constructor.
RoslynAnalysisRunner will not be running.
RoslynAnalysisRunner has terminated.
Mono: successfully reloaded assembly
- Completed reload, in  2.048 seconds
Platform modules already initialized, skipping
Refreshing native plugins compatible for Editor in 0.76 ms, found 1 plugins.
Preloading 0 native plugins for Editor in 0.00 ms.
Unloading 1805 Unused Serialized files (Serialized files now loaded: 0)
System memory in use before: 87.9 MB.
System memory in use after: 87.9 MB.

Unloading 12 unused Assets to reduce memory usage. Loaded Objects now: 2290.
Total: 6.689600 ms (FindLiveObjects: 0.575500 ms CreateObjectMapping: 0.254500 ms MarkObjects: 5.485800 ms  DeleteObjects: 0.369000 ms)

========================================================================
Received Prepare
Registering precompiled user dll's ...
Registered in 0.002410 seconds.
Begin MonoManager ReloadAssembly
Native extension for WindowsStandalone target not found
Refreshing native plugins compatible for Editor in 0.78 ms, found 1 plugins.
Preloading 0 native plugins for Editor in 0.00 ms.
Invoked RoslynAnalysisRunner static constructor.
RoslynAnalysisRunner will not be running.
RoslynAnalysisRunner has terminated.
Mono: successfully reloaded assembly
- Completed reload, in  2.075 seconds
Platform modules already initialized, skipping
Refreshing native plugins compatible for Editor in 0.60 ms, found 1 plugins.
Preloading 0 native plugins for Editor in 0.00 ms.
Unloading 1805 Unused Serialized files (Serialized files now loaded: 0)
System memory in use before: 87.9 MB.
System memory in use after: 87.9 MB.

Unloading 12 unused Assets to reduce memory usage. Loaded Objects now: 2294.
Total: 4.126900 ms (FindLiveObjects: 0.559300 ms CreateObjectMapping: 0.227100 ms MarkObjects: 3.119800 ms  DeleteObjects: 0.217700 ms)

========================================================================
Received Import Request.
  Time since last request: 213.618245 seconds.
  path: Assets/Prefabs/Blue Bot.prefab
  artifactKey: Guid(bed9b6fc024363c4ebf7a185d76b107b) Importer(815301076,1909f56bfc062723c751e8b465ee728b)
Start importing Assets/Prefabs/Blue Bot.prefab using Guid(bed9b6fc024363c4ebf7a185d76b107b) Importer(815301076,1909f56bfc062723c751e8b465ee728b)  -> (artifact id: 'fe444f6ae5386bf52f5875d443562b68') in 0.140986 seconds
  Import took 0.147079 seconds .

========================================================================
Received Import Request.
  Time since last request: 6.185357 seconds.
  path: Assets/Prefabs/Blue Bot.prefab
  artifactKey: Guid(bed9b6fc024363c4ebf7a185d76b107b) Importer(815301076,1909f56bfc062723c751e8b465ee728b)
Start importing Assets/Prefabs/Blue Bot.prefab using Guid(bed9b6fc024363c4ebf7a185d76b107b) Importer(815301076,1909f56bfc062723c751e8b465ee728b)  -> (artifact id: '6299b287bcc9bbd831ff49a0803a0c0d') in 0.024867 seconds
  Import took 0.031113 seconds .

========================================================================
Received Import Request.
  Time since last request: 3.415051 seconds.
  path: Assets/Prefabs/Blue Bot.prefab
  artifactKey: Guid(bed9b6fc024363c4ebf7a185d76b107b) Importer(815301076,1909f56bfc062723c751e8b465ee728b)
Start importing Assets/Prefabs/Blue Bot.prefab using Guid(bed9b6fc024363c4ebf7a185d76b107b) Importer(815301076,1909f56bfc062723c751e8b465ee728b)  -> (artifact id: 'b8f0b4e1a16fc2d11df6e6716db491b2') in 0.023555 seconds
  Import took 0.030231 seconds .

========================================================================
Received Import Request.
  Time since last request: 3.980533 seconds.
  path: Assets/Prefabs/Blue Bot.prefab
  artifactKey: Guid(bed9b6fc024363c4ebf7a185d76b107b) Importer(815301076,1909f56bfc062723c751e8b465ee728b)
Start importing Assets/Prefabs/Blue Bot.prefab using Guid(bed9b6fc024363c4ebf7a185d76b107b) Importer(815301076,1909f56bfc062723c751e8b465ee728b)  -> (artifact id: '92523b1149246c2fc24e3a8c33bf1dbc') in 0.022804 seconds
  Import took 0.030627 seconds .

========================================================================
Received Import Request.
  Time since last request: 2.783603 seconds.
  path: Assets/Prefabs/Blue Bot.prefab
  artifactKey: Guid(bed9b6fc024363c4ebf7a185d76b107b) Importer(815301076,1909f56bfc062723c751e8b465ee728b)
Start importing Assets/Prefabs/Blue Bot.prefab using Guid(bed9b6fc024363c4ebf7a185d76b107b) Importer(815301076,1909f56bfc062723c751e8b465ee728b)  -> (artifact id: '9c847f49cec11792614f32a7035f2c92') in 0.023763 seconds
  Import took 0.031001 seconds .

========================================================================
Received Prepare
Registering precompiled user dll's ...
Registered in 0.001896 seconds.
Begin MonoManager ReloadAssembly
Native extension for WindowsStandalone target not found
Refreshing native plugins compatible for Editor in 0.71 ms, found 1 plugins.
Preloading 0 native plugins for Editor in 0.00 ms.
Invoked RoslynAnalysisRunner static constructor.
RoslynAnalysisRunner will not be running.
RoslynAnalysisRunner has terminated.
Mono: successfully reloaded assembly
- Completed reload, in  1.986 seconds
Platform modules already initialized, skipping
Refreshing native plugins compatible for Editor in 0.60 ms, found 1 plugins.
Preloading 0 native plugins for Editor in 0.00 ms.
Unloading 1805 Unused Serialized files (Serialized files now loaded: 0)
System memory in use before: 87.9 MB.
System memory in use after: 87.9 MB.

Unloading 12 unused Assets to reduce memory usage. Loaded Objects now: 2299.
Total: 3.619800 ms (FindLiveObjects: 0.303200 ms CreateObjectMapping: 0.137000 ms MarkObjects: 2.979000 ms  DeleteObjects: 0.198700 ms)

========================================================================
Received Prepare
Registering precompiled user dll's ...
Registered in 0.006899 seconds.
Begin MonoManager ReloadAssembly
Native extension for WindowsStandalone target not found
Refreshing native plugins compatible for Editor in 0.65 ms, found 1 plugins.
Preloading 0 native plugins for Editor in 0.00 ms.
Invoked RoslynAnalysisRunner static constructor.
RoslynAnalysisRunner will not be running.
RoslynAnalysisRunner has terminated.
Mono: successfully reloaded assembly
- Completed reload, in  2.107 seconds
Platform modules already initialized, skipping
Refreshing native plugins compatible for Editor in 0.60 ms, found 1 plugins.
Preloading 0 native plugins for Editor in 0.00 ms.
Unloading 1805 Unused Serialized files (Serialized files now loaded: 0)
System memory in use before: 87.9 MB.
System memory in use after: 87.9 MB.

Unloading 12 unused Assets to reduce memory usage. Loaded Objects now: 2303.
Total: 4.771900 ms (FindLiveObjects: 0.842500 ms CreateObjectMapping: 0.192700 ms MarkObjects: 3.527400 ms  DeleteObjects: 0.206500 ms)

========================================================================
Received Prepare
Registering precompiled user dll's ...
Registered in 0.002540 seconds.
Begin MonoManager ReloadAssembly
Native extension for WindowsStandalone target not found
Refreshing native plugins compatible for Editor in 0.65 ms, found 1 plugins.
Preloading 0 native plugins for Editor in 0.00 ms.
Invoked RoslynAnalysisRunner static constructor.
RoslynAnalysisRunner will not be running.
RoslynAnalysisRunner has terminated.
Mono: successfully reloaded assembly
- Completed reload, in  2.046 seconds
Platform modules already initialized, skipping
Refreshing native plugins compatible for Editor in 0.61 ms, found 1 plugins.
Preloading 0 native plugins for Editor in 0.00 ms.
Unloading 1805 Unused Serialized files (Serialized files now loaded: 0)
System memory in use before: 87.9 MB.
System memory in use after: 87.9 MB.

Unloading 12 unused Assets to reduce memory usage. Loaded Objects now: 2307.
Total: 4.604000 ms (FindLiveObjects: 0.668500 ms CreateObjectMapping: 0.194400 ms MarkObjects: 3.522500 ms  DeleteObjects: 0.216000 ms)

========================================================================
Received Import Request.
  Time since last request: 559.734188 seconds.
  path: ProjectSettings/TagManager.asset
  artifactKey: Guid(00000000000000003000000000000000) Importer(815301076,1909f56bfc062723c751e8b465ee728b)
Start importing ProjectSettings/TagManager.asset using Guid(00000000000000003000000000000000) Importer(815301076,1909f56bfc062723c751e8b465ee728b)  -> (artifact id: '779d5949113fa91bb85f64f090860d93') in 0.038989 seconds
  Import took 0.045910 seconds .

========================================================================
Received Prepare
Registering precompiled user dll's ...
Registered in 0.001835 seconds.
Begin MonoManager ReloadAssembly
Native extension for WindowsStandalone target not found
Refreshing native plugins compatible for Editor in 1.21 ms, found 1 plugins.
Preloading 0 native plugins for Editor in 0.00 ms.
Invoked RoslynAnalysisRunner static constructor.
RoslynAnalysisRunner will not be running.
RoslynAnalysisRunner has terminated.
Mono: successfully reloaded assembly
- Completed reload, in  2.230 seconds
Platform modules already initialized, skipping
Refreshing native plugins compatible for Editor in 1.11 ms, found 1 plugins.
Preloading 0 native plugins for Editor in 0.00 ms.
Unloading 1805 Unused Serialized files (Serialized files now loaded: 0)
System memory in use before: 87.9 MB.
System memory in use after: 87.9 MB.

Unloading 13 unused Assets to reduce memory usage. Loaded Objects now: 2311.
Total: 6.302700 ms (FindLiveObjects: 0.380900 ms CreateObjectMapping: 0.183300 ms MarkObjects: 5.418500 ms  DeleteObjects: 0.316800 ms)

========================================================================
Received Prepare
Registering precompiled user dll's ...
Registered in 0.001993 seconds.
Begin MonoManager ReloadAssembly
Native extension for WindowsStandalone target not found
Refreshing native plugins compatible for Editor in 0.60 ms, found 1 plugins.
Preloading 0 native plugins for Editor in 0.00 ms.
Invoked RoslynAnalysisRunner static constructor.
RoslynAnalysisRunner will not be running.
RoslynAnalysisRunner has terminated.
Mono: successfully reloaded assembly
- Completed reload, in  2.242 seconds
Platform modules already initialized, skipping
Refreshing native plugins compatible for Editor in 0.61 ms, found 1 plugins.
Preloading 0 native plugins for Editor in 0.00 ms.
Unloading 1805 Unused Serialized files (Serialized files now loaded: 0)
System memory in use before: 87.9 MB.
System memory in use after: 87.9 MB.

Unloading 12 unused Assets to reduce memory usage. Loaded Objects now: 2315.
Total: 4.341700 ms (FindLiveObjects: 0.350700 ms CreateObjectMapping: 0.120900 ms MarkObjects: 3.666300 ms  DeleteObjects: 0.201000 ms)

========================================================================
Received Prepare
Registering precompiled user dll's ...
Registered in 0.003000 seconds.
Begin MonoManager ReloadAssembly
Native extension for WindowsStandalone target not found
Refreshing native plugins compatible for Editor in 0.61 ms, found 1 plugins.
Preloading 0 native plugins for Editor in 0.00 ms.
Invoked RoslynAnalysisRunner static constructor.
RoslynAnalysisRunner will not be running.
RoslynAnalysisRunner has terminated.
Mono: successfully reloaded assembly
- Completed reload, in  2.198 seconds
Platform modules already initialized, skipping
Refreshing native plugins compatible for Editor in 1.15 ms, found 1 plugins.
Preloading 0 native plugins for Editor in 0.00 ms.
Unloading 1805 Unused Serialized files (Serialized files now loaded: 0)
System memory in use before: 87.9 MB.
System memory in use after: 87.9 MB.

Unloading 12 unused Assets to reduce memory usage. Loaded Objects now: 2319.
Total: 4.124100 ms (FindLiveObjects: 0.336400 ms CreateObjectMapping: 0.141200 ms MarkObjects: 3.438100 ms  DeleteObjects: 0.205800 ms)

========================================================================
Received Prepare
Registering precompiled user dll's ...
Registered in 0.002989 seconds.
Begin MonoManager ReloadAssembly
Native extension for WindowsStandalone target not found
Refreshing native plugins compatible for Editor in 0.66 ms, found 1 plugins.
Preloading 0 native plugins for Editor in 0.00 ms.
Invoked RoslynAnalysisRunner static constructor.
RoslynAnalysisRunner will not be running.
RoslynAnalysisRunner has terminated.
Mono: successfully reloaded assembly
- Completed reload, in  2.065 seconds
Platform modules already initialized, skipping
Refreshing native plugins compatible for Editor in 0.61 ms, found 1 plugins.
Preloading 0 native plugins for Editor in 0.00 ms.
Unloading 1805 Unused Serialized files (Serialized files now loaded: 0)
System memory in use before: 88.0 MB.
System memory in use after: 88.0 MB.

Unloading 12 unused Assets to reduce memory usage. Loaded Objects now: 2323.
Total: 4.127500 ms (FindLiveObjects: 0.409900 ms CreateObjectMapping: 0.161300 ms MarkObjects: 3.339000 ms  DeleteObjects: 0.214300 ms)

========================================================================
Received Prepare
Registering precompiled user dll's ...
Registered in 0.002799 seconds.
Begin MonoManager ReloadAssembly
Native extension for WindowsStandalone target not found
Refreshing native plugins compatible for Editor in 0.87 ms, found 1 plugins.
Preloading 0 native plugins for Editor in 0.00 ms.
Invoked RoslynAnalysisRunner static constructor.
RoslynAnalysisRunner will not be running.
RoslynAnalysisRunner has terminated.
Mono: successfully reloaded assembly
- Completed reload, in  2.667 seconds
Platform modules already initialized, skipping
Refreshing native plugins compatible for Editor in 0.77 ms, found 1 plugins.
Preloading 0 native plugins for Editor in 0.00 ms.
Unloading 1805 Unused Serialized files (Serialized files now loaded: 0)
System memory in use before: 88.0 MB.
System memory in use after: 88.0 MB.

Unloading 12 unused Assets to reduce memory usage. Loaded Objects now: 2327.
Total: 4.630500 ms (FindLiveObjects: 0.375200 ms CreateObjectMapping: 0.195900 ms MarkObjects: 3.820700 ms  DeleteObjects: 0.235700 ms)

========================================================================
Received Prepare
Registering precompiled user dll's ...
Registered in 0.002785 seconds.
Begin MonoManager ReloadAssembly
Native extension for WindowsStandalone target not found
Refreshing native plugins compatible for Editor in 0.65 ms, found 1 plugins.
Preloading 0 native plugins for Editor in 0.00 ms.
Invoked RoslynAnalysisRunner static constructor.
RoslynAnalysisRunner will not be running.
RoslynAnalysisRunner has terminated.
Mono: successfully reloaded assembly
- Completed reload, in  2.146 seconds
Platform modules already initialized, skipping
Refreshing native plugins compatible for Editor in 0.62 ms, found 1 plugins.
Preloading 0 native plugins for Editor in 0.00 ms.
Unloading 1805 Unused Serialized files (Serialized files now loaded: 0)
System memory in use before: 88.0 MB.
System memory in use after: 88.0 MB.

Unloading 12 unused Assets to reduce memory usage. Loaded Objects now: 2331.
Total: 6.082500 ms (FindLiveObjects: 0.561200 ms CreateObjectMapping: 0.262600 ms MarkObjects: 4.913700 ms  DeleteObjects: 0.341900 ms)

========================================================================
Received Import Request.
  Time since last request: 510.707150 seconds.
  path: Assets/Prefabs/Tile.prefab
  artifactKey: Guid(3ab5258e92d41e247bf58173147bc4bc) Importer(815301076,1909f56bfc062723c751e8b465ee728b)
Start importing Assets/Prefabs/Tile.prefab using Guid(3ab5258e92d41e247bf58173147bc4bc) Importer(815301076,1909f56bfc062723c751e8b465ee728b)  -> (artifact id: '4ac46e126cc4558863610ff5955f41d7') in 0.146727 seconds
  Import took 0.155696 seconds .

========================================================================
Received Prepare
Registering precompiled user dll's ...
Registered in 0.001815 seconds.
Begin MonoManager ReloadAssembly
Native extension for WindowsStandalone target not found
Refreshing native plugins compatible for Editor in 0.61 ms, found 1 plugins.
Preloading 0 native plugins for Editor in 0.00 ms.
Invoked RoslynAnalysisRunner static constructor.
RoslynAnalysisRunner will not be running.
RoslynAnalysisRunner has terminated.
Mono: successfully reloaded assembly
- Completed reload, in  2.131 seconds
Platform modules already initialized, skipping
Refreshing native plugins compatible for Editor in 0.62 ms, found 1 plugins.
Preloading 0 native plugins for Editor in 0.00 ms.
Unloading 1805 Unused Serialized files (Serialized files now loaded: 0)
System memory in use before: 88.0 MB.
System memory in use after: 88.0 MB.

Unloading 12 unused Assets to reduce memory usage. Loaded Objects now: 2336.
Total: 4.120700 ms (FindLiveObjects: 0.334600 ms CreateObjectMapping: 0.139500 ms MarkObjects: 3.434300 ms  DeleteObjects: 0.210200 ms)

========================================================================
Received Prepare
Registering precompiled user dll's ...
Registered in 0.002421 seconds.
Begin MonoManager ReloadAssembly
Native extension for WindowsStandalone target not found
Refreshing native plugins compatible for Editor in 0.68 ms, found 1 plugins.
Preloading 0 native plugins for Editor in 0.00 ms.
Invoked RoslynAnalysisRunner static constructor.
RoslynAnalysisRunner will not be running.
RoslynAnalysisRunner has terminated.
Mono: successfully reloaded assembly
- Completed reload, in  2.279 seconds
Platform modules already initialized, skipping
Refreshing native plugins compatible for Editor in 0.63 ms, found 1 plugins.
Preloading 0 native plugins for Editor in 0.00 ms.
Unloading 1805 Unused Serialized files (Serialized files now loaded: 0)
System memory in use before: 88.0 MB.
System memory in use after: 88.0 MB.

Unloading 12 unused Assets to reduce memory usage. Loaded Objects now: 2340.
Total: 4.652200 ms (FindLiveObjects: 0.512300 ms CreateObjectMapping: 0.161500 ms MarkObjects: 3.759500 ms  DeleteObjects: 0.216300 ms)

========================================================================
Received Prepare
Registering precompiled user dll's ...
Registered in 0.002560 seconds.
Begin MonoManager ReloadAssembly
Native extension for WindowsStandalone target not found
Refreshing native plugins compatible for Editor in 0.72 ms, found 1 plugins.
Preloading 0 native plugins for Editor in 0.00 ms.
Invoked RoslynAnalysisRunner static constructor.
RoslynAnalysisRunner will not be running.
RoslynAnalysisRunner has terminated.
Mono: successfully reloaded assembly
- Completed reload, in  2.004 seconds
Platform modules already initialized, skipping
Refreshing native plugins compatible for Editor in 0.62 ms, found 1 plugins.
Preloading 0 native plugins for Editor in 0.00 ms.
Unloading 1805 Unused Serialized files (Serialized files now loaded: 0)
System memory in use before: 88.0 MB.
System memory in use after: 88.0 MB.

Unloading 12 unused Assets to reduce memory usage. Loaded Objects now: 2344.
Total: 7.506800 ms (FindLiveObjects: 0.575800 ms CreateObjectMapping: 0.489200 ms MarkObjects: 6.117900 ms  DeleteObjects: 0.320300 ms)

========================================================================
Received Prepare
Registering precompiled user dll's ...
Registered in 0.001995 seconds.
Begin MonoManager ReloadAssembly
Native extension for WindowsStandalone target not found
Refreshing native plugins compatible for Editor in 0.66 ms, found 1 plugins.
Preloading 0 native plugins for Editor in 0.00 ms.
Invoked RoslynAnalysisRunner static constructor.
RoslynAnalysisRunner will not be running.
RoslynAnalysisRunner has terminated.
Mono: successfully reloaded assembly
- Completed reload, in  2.298 seconds
Platform modules already initialized, skipping
Refreshing native plugins compatible for Editor in 1.07 ms, found 1 plugins.
Preloading 0 native plugins for Editor in 0.00 ms.
Unloading 1805 Unused Serialized files (Serialized files now loaded: 0)
System memory in use before: 88.0 MB.
System memory in use after: 88.0 MB.

Unloading 12 unused Assets to reduce memory usage. Loaded Objects now: 2348.
Total: 4.946200 ms (FindLiveObjects: 0.469600 ms CreateObjectMapping: 0.165400 ms MarkObjects: 4.086000 ms  DeleteObjects: 0.222500 ms)

========================================================================
Received Prepare
Registering precompiled user dll's ...
Registered in 0.001851 seconds.
Begin MonoManager ReloadAssembly
Native extension for WindowsStandalone target not found
Refreshing native plugins compatible for Editor in 0.65 ms, found 1 plugins.
Preloading 0 native plugins for Editor in 0.00 ms.
Invoked RoslynAnalysisRunner static constructor.
RoslynAnalysisRunner will not be running.
RoslynAnalysisRunner has terminated.
Mono: successfully reloaded assembly
- Completed reload, in  2.504 seconds
Platform modules already initialized, skipping
Refreshing native plugins compatible for Editor in 0.62 ms, found 1 plugins.
Preloading 0 native plugins for Editor in 0.00 ms.
Unloading 1805 Unused Serialized files (Serialized files now loaded: 0)
System memory in use before: 88.0 MB.
System memory in use after: 88.0 MB.

Unloading 12 unused Assets to reduce memory usage. Loaded Objects now: 2352.
Total: 4.554700 ms (FindLiveObjects: 0.835300 ms CreateObjectMapping: 0.269400 ms MarkObjects: 3.223400 ms  DeleteObjects: 0.223500 ms)

========================================================================
Received Import Request.
  Time since last request: 356.316683 seconds.
  path: Assets/Scripts/MoveRandom.cs
  artifactKey: Guid(11cc1c0f7dfeff34b8d7cb8885c5051e) Importer(815301076,1909f56bfc062723c751e8b465ee728b)
Start importing Assets/Scripts/MoveRandom.cs using Guid(11cc1c0f7dfeff34b8d7cb8885c5051e) Importer(815301076,1909f56bfc062723c751e8b465ee728b)  -> (artifact id: 'b9458906c83d4cd8693094b94147e875') in 0.031313 seconds
  Import took 0.039354 seconds .

========================================================================
Received Prepare
Registering precompiled user dll's ...
Registered in 0.001937 seconds.
Begin MonoManager ReloadAssembly
Native extension for WindowsStandalone target not found
Refreshing native plugins compatible for Editor in 1.14 ms, found 1 plugins.
Preloading 0 native plugins for Editor in 0.00 ms.
Invoked RoslynAnalysisRunner static constructor.
RoslynAnalysisRunner will not be running.
RoslynAnalysisRunner has terminated.
Mono: successfully reloaded assembly
- Completed reload, in  2.152 seconds
Platform modules already initialized, skipping
Refreshing native plugins compatible for Editor in 0.61 ms, found 1 plugins.
Preloading 0 native plugins for Editor in 0.00 ms.
Unloading 1806 Unused Serialized files (Serialized files now loaded: 0)
System memory in use before: 88.1 MB.
System memory in use after: 88.1 MB.

Unloading 12 unused Assets to reduce memory usage. Loaded Objects now: 2357.
Total: 4.669800 ms (FindLiveObjects: 0.444100 ms CreateObjectMapping: 0.200500 ms MarkObjects: 3.800400 ms  DeleteObjects: 0.220600 ms)

========================================================================
Received Import Request.
  Time since last request: 25.038229 seconds.
  path: Assets/Prefabs/Red Bot.prefab
  artifactKey: Guid(749b69087117ced4fbbe89165b1b254f) Importer(815301076,1909f56bfc062723c751e8b465ee728b)
Start importing Assets/Prefabs/Red Bot.prefab using Guid(749b69087117ced4fbbe89165b1b254f) Importer(815301076,1909f56bfc062723c751e8b465ee728b)  -> (artifact id: '790ad25b6cfde64aafbc6fa55f68b06f') in 0.143318 seconds
  Import took 0.155091 seconds .

========================================================================
Received Import Request.
  Time since last request: 12.281530 seconds.
  path: Assets/Prefabs/Red Bot.prefab
  artifactKey: Guid(749b69087117ced4fbbe89165b1b254f) Importer(815301076,1909f56bfc062723c751e8b465ee728b)
Start importing Assets/Prefabs/Red Bot.prefab using Guid(749b69087117ced4fbbe89165b1b254f) Importer(815301076,1909f56bfc062723c751e8b465ee728b)  -> (artifact id: '768547c41d5bd8a01e62fe7f7bd9a42c') in 0.025004 seconds
  Import took 0.031187 seconds .

========================================================================
Received Import Request.
  Time since last request: 4.757181 seconds.
  path: Assets/Prefabs/Red Bot.prefab
  artifactKey: Guid(749b69087117ced4fbbe89165b1b254f) Importer(815301076,1909f56bfc062723c751e8b465ee728b)
Start importing Assets/Prefabs/Red Bot.prefab using Guid(749b69087117ced4fbbe89165b1b254f) Importer(815301076,1909f56bfc062723c751e8b465ee728b)  -> (artifact id: '0f1e8cc5a4864c833fe205694aa17a86') in 0.022540 seconds
  Import took 0.029677 seconds .

========================================================================
Received Import Request.
  Time since last request: 12.328288 seconds.
  path: Assets/Prefabs/Red Bot.prefab
  artifactKey: Guid(749b69087117ced4fbbe89165b1b254f) Importer(815301076,1909f56bfc062723c751e8b465ee728b)
Start importing Assets/Prefabs/Red Bot.prefab using Guid(749b69087117ced4fbbe89165b1b254f) Importer(815301076,1909f56bfc062723c751e8b465ee728b)  -> (artifact id: '36f2bfce65f9d658c766c3aedd740bb6') in 0.024023 seconds
  Import took 0.031519 seconds .

========================================================================
Received Import Request.
  Time since last request: 4.515528 seconds.
  path: Assets/Prefabs/Red Bot.prefab
  artifactKey: Guid(749b69087117ced4fbbe89165b1b254f) Importer(815301076,1909f56bfc062723c751e8b465ee728b)
Start importing Assets/Prefabs/Red Bot.prefab using Guid(749b69087117ced4fbbe89165b1b254f) Importer(815301076,1909f56bfc062723c751e8b465ee728b)  -> (artifact id: '2ec9ba99de11385c8896e13e0941f2e2') in 0.024745 seconds
  Import took 0.031794 seconds .

========================================================================
Received Import Request.
  Time since last request: 17.402347 seconds.
  path: Assets/Prefabs/Red Bot.prefab
  artifactKey: Guid(749b69087117ced4fbbe89165b1b254f) Importer(815301076,1909f56bfc062723c751e8b465ee728b)
Start importing Assets/Prefabs/Red Bot.prefab using Guid(749b69087117ced4fbbe89165b1b254f) Importer(815301076,1909f56bfc062723c751e8b465ee728b)  -> (artifact id: '9799e3c81252f748781df40e138a2d49') in 0.024202 seconds
  Import took 0.031467 seconds .

========================================================================
Received Import Request.
  Time since last request: 5.511545 seconds.
  path: Assets/Prefabs/Blue Bot.prefab
  artifactKey: Guid(bed9b6fc024363c4ebf7a185d76b107b) Importer(815301076,1909f56bfc062723c751e8b465ee728b)
Start importing Assets/Prefabs/Blue Bot.prefab using Guid(bed9b6fc024363c4ebf7a185d76b107b) Importer(815301076,1909f56bfc062723c751e8b465ee728b)  -> (artifact id: '80c8b962141a2d4b2d91c55256eaf4db') in 0.024308 seconds
  Import took 0.031082 seconds .

========================================================================
Received Import Request.
  Time since last request: 0.001913 seconds.
  path: Assets/Prefabs/Blue Bot.prefab
  artifactKey: Guid(bed9b6fc024363c4ebf7a185d76b107b) Importer(815301076,1909f56bfc062723c751e8b465ee728b)
Start importing Assets/Prefabs/Blue Bot.prefab using Guid(bed9b6fc024363c4ebf7a185d76b107b) Importer(815301076,1909f56bfc062723c751e8b465ee728b)  -> (artifact id: '80c8b962141a2d4b2d91c55256eaf4db') in 0.018863 seconds
  Import took 0.027410 seconds .

========================================================================
Received Import Request.
  Time since last request: 2.638316 seconds.
  path: Assets/Prefabs/Blue Bot.prefab
  artifactKey: Guid(bed9b6fc024363c4ebf7a185d76b107b) Importer(815301076,1909f56bfc062723c751e8b465ee728b)
Start importing Assets/Prefabs/Blue Bot.prefab using Guid(bed9b6fc024363c4ebf7a185d76b107b) Importer(815301076,1909f56bfc062723c751e8b465ee728b)  -> (artifact id: '3dc89b6643e99e1ef3acdd0e4ec13dc3') in 0.025794 seconds
  Import took 0.034565 seconds .

========================================================================
Received Import Request.
  Time since last request: 12.242245 seconds.
  path: Assets/Prefabs/Blue Bot.prefab
  artifactKey: Guid(bed9b6fc024363c4ebf7a185d76b107b) Importer(815301076,1909f56bfc062723c751e8b465ee728b)
Start importing Assets/Prefabs/Blue Bot.prefab using Guid(bed9b6fc024363c4ebf7a185d76b107b) Importer(815301076,1909f56bfc062723c751e8b465ee728b)  -> (artifact id: '296678931af03d1a75761f0060124757') in 0.017344 seconds
  Import took 0.028971 seconds .

========================================================================
Received Prepare
Registering precompiled user dll's ...
Registered in 0.001837 seconds.
Begin MonoManager ReloadAssembly
Native extension for WindowsStandalone target not found
Refreshing native plugins compatible for Editor in 0.61 ms, found 1 plugins.
Preloading 0 native plugins for Editor in 0.00 ms.
Invoked RoslynAnalysisRunner static constructor.
RoslynAnalysisRunner will not be running.
RoslynAnalysisRunner has terminated.
Mono: successfully reloaded assembly
- Completed reload, in  2.580 seconds
Platform modules already initialized, skipping
Refreshing native plugins compatible for Editor in 0.60 ms, found 1 plugins.
Preloading 0 native plugins for Editor in 0.00 ms.
Unloading 1806 Unused Serialized files (Serialized files now loaded: 0)
System memory in use before: 88.1 MB.
System memory in use after: 88.1 MB.

Unloading 12 unused Assets to reduce memory usage. Loaded Objects now: 2362.
Total: 8.385200 ms (FindLiveObjects: 0.800300 ms CreateObjectMapping: 0.269800 ms MarkObjects: 7.089200 ms  DeleteObjects: 0.222400 ms)

========================================================================
Received Import Request.
  Time since last request: 540.893688 seconds.
  path: Assets/Scripts/MoveRandom.cs
  artifactKey: Guid(11cc1c0f7dfeff34b8d7cb8885c5051e) Importer(815301076,1909f56bfc062723c751e8b465ee728b)
Start importing Assets/Scripts/MoveRandom.cs using Guid(11cc1c0f7dfeff34b8d7cb8885c5051e) Importer(815301076,1909f56bfc062723c751e8b465ee728b)  -> (artifact id: '4c0c5b5df6d340c00660d275a99787c3') in 0.008841 seconds
  Import took 0.019418 seconds .

========================================================================
Received Import Request.
  Time since last request: 49.739944 seconds.
  path: Assets/Prefabs/Red Bot.prefab
  artifactKey: Guid(749b69087117ced4fbbe89165b1b254f) Importer(815301076,1909f56bfc062723c751e8b465ee728b)
Start importing Assets/Prefabs/Red Bot.prefab using Guid(749b69087117ced4fbbe89165b1b254f) Importer(815301076,1909f56bfc062723c751e8b465ee728b)  -> (artifact id: 'b3f85129dc2ce24e98c2aa9a99667439') in 0.155261 seconds
  Import took 0.163271 seconds .

========================================================================
Received Prepare
Registering precompiled user dll's ...
Registered in 0.003210 seconds.
Begin MonoManager ReloadAssembly
Native extension for WindowsStandalone target not found
Refreshing native plugins compatible for Editor in 0.60 ms, found 1 plugins.
Preloading 0 native plugins for Editor in 0.00 ms.
Invoked RoslynAnalysisRunner static constructor.
RoslynAnalysisRunner will not be running.
RoslynAnalysisRunner has terminated.
Mono: successfully reloaded assembly
- Completed reload, in  4.018 seconds
Platform modules already initialized, skipping
Refreshing native plugins compatible for Editor in 0.92 ms, found 1 plugins.
Preloading 0 native plugins for Editor in 0.00 ms.
Unloading 1806 Unused Serialized files (Serialized files now loaded: 0)
System memory in use before: 88.1 MB.
System memory in use after: 88.1 MB.

Unloading 12 unused Assets to reduce memory usage. Loaded Objects now: 2367.
Total: 5.194700 ms (FindLiveObjects: 0.784000 ms CreateObjectMapping: 0.311900 ms MarkObjects: 3.852700 ms  DeleteObjects: 0.243200 ms)

========================================================================
Received Import Request.
  Time since last request: 34.568897 seconds.
  path: Assets/Prefabs/Red Bot.prefab
  artifactKey: Guid(749b69087117ced4fbbe89165b1b254f) Importer(815301076,1909f56bfc062723c751e8b465ee728b)
Start importing Assets/Prefabs/Red Bot.prefab using Guid(749b69087117ced4fbbe89165b1b254f) Importer(815301076,1909f56bfc062723c751e8b465ee728b)  -> (artifact id: '0a31c7b7fd5fba1e78cc56fce3fc08a6') in 0.128850 seconds
  Import took 0.137753 seconds .

========================================================================
Received Prepare
Registering precompiled user dll's ...
Registered in 0.002200 seconds.
Begin MonoManager ReloadAssembly
Native extension for WindowsStandalone target not found
Refreshing native plugins compatible for Editor in 0.96 ms, found 1 plugins.
Preloading 0 native plugins for Editor in 0.00 ms.
Invoked RoslynAnalysisRunner static constructor.
RoslynAnalysisRunner will not be running.
RoslynAnalysisRunner has terminated.
Mono: successfully reloaded assembly
- Completed reload, in  2.330 seconds
Platform modules already initialized, skipping
Refreshing native plugins compatible for Editor in 0.74 ms, found 1 plugins.
Preloading 0 native plugins for Editor in 0.00 ms.
Unloading 1806 Unused Serialized files (Serialized files now loaded: 0)
System memory in use before: 88.1 MB.
System memory in use after: 88.1 MB.

Unloading 12 unused Assets to reduce memory usage. Loaded Objects now: 2372.
Total: 4.435700 ms (FindLiveObjects: 0.530000 ms CreateObjectMapping: 0.173900 ms MarkObjects: 3.510100 ms  DeleteObjects: 0.212600 ms)

========================================================================
Received Prepare
Registering precompiled user dll's ...
Registered in 0.001905 seconds.
Begin MonoManager ReloadAssembly
Native extension for WindowsStandalone target not found
Refreshing native plugins compatible for Editor in 0.65 ms, found 1 plugins.
Preloading 0 native plugins for Editor in 0.00 ms.
Invoked RoslynAnalysisRunner static constructor.
RoslynAnalysisRunner will not be running.
RoslynAnalysisRunner has terminated.
Mono: successfully reloaded assembly
- Completed reload, in  2.198 seconds
Platform modules already initialized, skipping
Refreshing native plugins compatible for Editor in 0.59 ms, found 1 plugins.
Preloading 0 native plugins for Editor in 0.00 ms.
Unloading 1806 Unused Serialized files (Serialized files now loaded: 0)
System memory in use before: 88.1 MB.
System memory in use after: 88.1 MB.

Unloading 12 unused Assets to reduce memory usage. Loaded Objects now: 2376.
Total: 4.502200 ms (FindLiveObjects: 0.423900 ms CreateObjectMapping: 0.146000 ms MarkObjects: 3.618000 ms  DeleteObjects: 0.311100 ms)

========================================================================
Received Prepare
Registering precompiled user dll's ...
Registered in 0.002543 seconds.
Begin MonoManager ReloadAssembly
Native extension for WindowsStandalone target not found
Refreshing native plugins compatible for Editor in 0.64 ms, found 1 plugins.
Preloading 0 native plugins for Editor in 0.00 ms.
Invoked RoslynAnalysisRunner static constructor.
RoslynAnalysisRunner will not be running.
RoslynAnalysisRunner has terminated.
Mono: successfully reloaded assembly
- Completed reload, in  2.134 seconds
Platform modules already initialized, skipping
Refreshing native plugins compatible for Editor in 0.59 ms, found 1 plugins.
Preloading 0 native plugins for Editor in 0.00 ms.
Unloading 1806 Unused Serialized files (Serialized files now loaded: 0)
System memory in use before: 88.1 MB.
System memory in use after: 88.1 MB.

Unloading 12 unused Assets to reduce memory usage. Loaded Objects now: 2380.
Total: 6.411400 ms (FindLiveObjects: 0.682600 ms CreateObjectMapping: 0.258600 ms MarkObjects: 5.244600 ms  DeleteObjects: 0.222600 ms)

========================================================================
Received Import Request.
  Time since last request: 197.374500 seconds.
  path: Assets/Prefabs/Red Bot.prefab
  artifactKey: Guid(749b69087117ced4fbbe89165b1b254f) Importer(815301076,1909f56bfc062723c751e8b465ee728b)
Start importing Assets/Prefabs/Red Bot.prefab using Guid(749b69087117ced4fbbe89165b1b254f) Importer(815301076,1909f56bfc062723c751e8b465ee728b)  -> (artifact id: 'c488e77b1fefa6206e6f32687188d5d2') in 0.134685 seconds
  Import took 0.142986 seconds .

========================================================================
Received Import Request.
  Time since last request: 0.137061 seconds.
  path: Assets/Prefabs/Red Bot.prefab
  artifactKey: Guid(749b69087117ced4fbbe89165b1b254f) Importer(815301076,1909f56bfc062723c751e8b465ee728b)
Start importing Assets/Prefabs/Red Bot.prefab using Guid(749b69087117ced4fbbe89165b1b254f) Importer(815301076,1909f56bfc062723c751e8b465ee728b)  -> (artifact id: 'c488e77b1fefa6206e6f32687188d5d2') in 0.021211 seconds
  Import took 0.028213 seconds .

========================================================================
Received Prepare
Registering precompiled user dll's ...
Registered in 0.001872 seconds.
Begin MonoManager ReloadAssembly
Native extension for WindowsStandalone target not found
Refreshing native plugins compatible for Editor in 0.61 ms, found 1 plugins.
Preloading 0 native plugins for Editor in 0.00 ms.
Invoked RoslynAnalysisRunner static constructor.
RoslynAnalysisRunner will not be running.
RoslynAnalysisRunner has terminated.
Mono: successfully reloaded assembly
- Completed reload, in  2.711 seconds
Platform modules already initialized, skipping
Refreshing native plugins compatible for Editor in 0.65 ms, found 1 plugins.
Preloading 0 native plugins for Editor in 0.00 ms.
Unloading 1806 Unused Serialized files (Serialized files now loaded: 0)
System memory in use before: 88.2 MB.
System memory in use after: 88.2 MB.

Unloading 12 unused Assets to reduce memory usage. Loaded Objects now: 2385.
Total: 4.826300 ms (FindLiveObjects: 0.788400 ms CreateObjectMapping: 0.436800 ms MarkObjects: 3.391300 ms  DeleteObjects: 0.206100 ms)

========================================================================
Received Import Request.
  Time since last request: 18.436156 seconds.
  path: Assets/Prefabs/Red Bot.prefab
  artifactKey: Guid(749b69087117ced4fbbe89165b1b254f) Importer(815301076,1909f56bfc062723c751e8b465ee728b)
Start importing Assets/Prefabs/Red Bot.prefab using Guid(749b69087117ced4fbbe89165b1b254f) Importer(815301076,1909f56bfc062723c751e8b465ee728b)  -> (artifact id: '8743102e21594eaf3f210ae041534c7d') in 0.166127 seconds
  Import took 0.178304 seconds .

========================================================================
Received Import Request.
  Time since last request: 22.719334 seconds.
  path: Assets/Prefabs/ball.prefab
  artifactKey: Guid(5aaee7d9064d7a441b070d2efcf7165c) Importer(815301076,1909f56bfc062723c751e8b465ee728b)
Start importing Assets/Prefabs/ball.prefab using Guid(5aaee7d9064d7a441b070d2efcf7165c) Importer(815301076,1909f56bfc062723c751e8b465ee728b)  -> (artifact id: '52d89643e2cbcdc30d7e56c5f51f97bd') in 0.026870 seconds
  Import took 0.032691 seconds .

========================================================================
Received Import Request.
  Time since last request: 9.579968 seconds.
  path: Assets/Prefabs/Player.prefab
  artifactKey: Guid(ff3dfeb30903b7e49aef7f81cf6a1e82) Importer(815301076,1909f56bfc062723c751e8b465ee728b)
Start importing Assets/Prefabs/Player.prefab using Guid(ff3dfeb30903b7e49aef7f81cf6a1e82) Importer(815301076,1909f56bfc062723c751e8b465ee728b)  -> (artifact id: '4bc36ae3b06d91bf3853e0322223e1aa') in 0.029505 seconds
  Import took 0.038266 seconds .

========================================================================
Received Import Request.
  Time since last request: 10.114778 seconds.
  path: Assets/Prefabs/Red Bot.prefab
  artifactKey: Guid(749b69087117ced4fbbe89165b1b254f) Importer(815301076,1909f56bfc062723c751e8b465ee728b)
Start importing Assets/Prefabs/Red Bot.prefab using Guid(749b69087117ced4fbbe89165b1b254f) Importer(815301076,1909f56bfc062723c751e8b465ee728b)  -> (artifact id: '3c6b583889d01111ad9b0c0bd03cb632') in 0.028925 seconds
  Import took 0.036899 seconds .

========================================================================
Received Prepare
Registering precompiled user dll's ...
Registered in 0.001916 seconds.
Begin MonoManager ReloadAssembly
Native extension for WindowsStandalone target not found
Refreshing native plugins compatible for Editor in 0.64 ms, found 1 plugins.
Preloading 0 native plugins for Editor in 0.00 ms.
Invoked RoslynAnalysisRunner static constructor.
RoslynAnalysisRunner will not be running.
RoslynAnalysisRunner has terminated.
Mono: successfully reloaded assembly
- Completed reload, in  2.269 seconds
Platform modules already initialized, skipping
Refreshing native plugins compatible for Editor in 0.62 ms, found 1 plugins.
Preloading 0 native plugins for Editor in 0.00 ms.
Unloading 1806 Unused Serialized files (Serialized files now loaded: 0)
System memory in use before: 88.2 MB.
System memory in use after: 88.2 MB.

Unloading 12 unused Assets to reduce memory usage. Loaded Objects now: 2390.
Total: 4.615500 ms (FindLiveObjects: 0.768700 ms CreateObjectMapping: 0.221000 ms MarkObjects: 3.398900 ms  DeleteObjects: 0.223500 ms)

========================================================================
Received Import Request.
  Time since last request: 35.739074 seconds.
  path: Assets/Prefabs/Red Bot.prefab
  artifactKey: Guid(749b69087117ced4fbbe89165b1b254f) Importer(815301076,1909f56bfc062723c751e8b465ee728b)
Start importing Assets/Prefabs/Red Bot.prefab using Guid(749b69087117ced4fbbe89165b1b254f) Importer(815301076,1909f56bfc062723c751e8b465ee728b)  -> (artifact id: 'bbd81d37e1f70f248ff4ffca3bcd6ab7') in 0.133405 seconds
  Import took 0.144703 seconds .

========================================================================
Received Import Request.
  Time since last request: 0.135223 seconds.
  path: Assets/Prefabs/Red Bot.prefab
  artifactKey: Guid(749b69087117ced4fbbe89165b1b254f) Importer(815301076,1909f56bfc062723c751e8b465ee728b)
Start importing Assets/Prefabs/Red Bot.prefab using Guid(749b69087117ced4fbbe89165b1b254f) Importer(815301076,1909f56bfc062723c751e8b465ee728b)  -> (artifact id: 'bbd81d37e1f70f248ff4ffca3bcd6ab7') in 0.017191 seconds
  Import took 0.025223 seconds .

========================================================================
Received Prepare
Registering precompiled user dll's ...
Registered in 0.002660 seconds.
Begin MonoManager ReloadAssembly
Native extension for WindowsStandalone target not found
Refreshing native plugins compatible for Editor in 1.46 ms, found 1 plugins.
Preloading 0 native plugins for Editor in 0.00 ms.
Invoked RoslynAnalysisRunner static constructor.
RoslynAnalysisRunner will not be running.
RoslynAnalysisRunner has terminated.
Mono: successfully reloaded assembly
- Completed reload, in  2.979 seconds
Platform modules already initialized, skipping
Refreshing native plugins compatible for Editor in 0.97 ms, found 1 plugins.
Preloading 0 native plugins for Editor in 0.00 ms.
Unloading 1806 Unused Serialized files (Serialized files now loaded: 0)
System memory in use before: 88.2 MB.
System memory in use after: 88.2 MB.

Unloading 12 unused Assets to reduce memory usage. Loaded Objects now: 2395.
Total: 4.504100 ms (FindLiveObjects: 0.549300 ms CreateObjectMapping: 0.226900 ms MarkObjects: 3.508200 ms  DeleteObjects: 0.217300 ms)

========================================================================
Received Import Request.
  Time since last request: 8.465545 seconds.
  path: Assets/Prefabs/Red Bot.prefab
  artifactKey: Guid(749b69087117ced4fbbe89165b1b254f) Importer(815301076,1909f56bfc062723c751e8b465ee728b)
Start importing Assets/Prefabs/Red Bot.prefab using Guid(749b69087117ced4fbbe89165b1b254f) Importer(815301076,1909f56bfc062723c751e8b465ee728b)  -> (artifact id: '8dc241fa2953cc7d90d41f6cf764990a') in 0.159956 seconds
  Import took 0.168367 seconds .

========================================================================
Received Import Request.
  Time since last request: 5.469344 seconds.
  path: Assets/Prefabs/Red Bot.prefab
  artifactKey: Guid(749b69087117ced4fbbe89165b1b254f) Importer(815301076,1909f56bfc062723c751e8b465ee728b)
Start importing Assets/Prefabs/Red Bot.prefab using Guid(749b69087117ced4fbbe89165b1b254f) Importer(815301076,1909f56bfc062723c751e8b465ee728b)  -> (artifact id: 'b15b119b9f7b6e3f010aecd48e150fa5') in 0.023423 seconds
  Import took 0.033730 seconds .

========================================================================
Received Prepare
Registering precompiled user dll's ...
Registered in 0.001842 seconds.
Begin MonoManager ReloadAssembly
Native extension for WindowsStandalone target not found
Refreshing native plugins compatible for Editor in 0.73 ms, found 1 plugins.
Preloading 0 native plugins for Editor in 0.00 ms.
Invoked RoslynAnalysisRunner static constructor.
RoslynAnalysisRunner will not be running.
RoslynAnalysisRunner has terminated.
Mono: successfully reloaded assembly
- Completed reload, in  2.861 seconds
Platform modules already initialized, skipping
Refreshing native plugins compatible for Editor in 0.58 ms, found 1 plugins.
Preloading 0 native plugins for Editor in 0.00 ms.
Unloading 1806 Unused Serialized files (Serialized files now loaded: 0)
System memory in use before: 88.2 MB.
System memory in use after: 88.2 MB.

Unloading 12 unused Assets to reduce memory usage. Loaded Objects now: 2400.
Total: 5.203200 ms (FindLiveObjects: 0.674500 ms CreateObjectMapping: 0.267100 ms MarkObjects: 4.042700 ms  DeleteObjects: 0.216000 ms)

========================================================================
Received Prepare
Registering precompiled user dll's ...
Registered in 0.002002 seconds.
Begin MonoManager ReloadAssembly
Native extension for WindowsStandalone target not found
Refreshing native plugins compatible for Editor in 1.02 ms, found 1 plugins.
Preloading 0 native plugins for Editor in 0.00 ms.
Invoked RoslynAnalysisRunner static constructor.
RoslynAnalysisRunner will not be running.
RoslynAnalysisRunner has terminated.
Mono: successfully reloaded assembly
- Completed reload, in  2.980 seconds
Platform modules already initialized, skipping
Refreshing native plugins compatible for Editor in 1.08 ms, found 1 plugins.
Preloading 0 native plugins for Editor in 0.00 ms.
Unloading 1806 Unused Serialized files (Serialized files now loaded: 0)
System memory in use before: 88.2 MB.
System memory in use after: 88.2 MB.

Unloading 12 unused Assets to reduce memory usage. Loaded Objects now: 2404.
Total: 5.368800 ms (FindLiveObjects: 0.406400 ms CreateObjectMapping: 0.428500 ms MarkObjects: 4.303300 ms  DeleteObjects: 0.227700 ms)

========================================================================
Received Prepare
Registering precompiled user dll's ...
Registered in 0.002304 seconds.
Begin MonoManager ReloadAssembly
Native extension for WindowsStandalone target not found
Refreshing native plugins compatible for Editor in 0.62 ms, found 1 plugins.
Preloading 0 native plugins for Editor in 0.00 ms.
Invoked RoslynAnalysisRunner static constructor.
RoslynAnalysisRunner will not be running.
RoslynAnalysisRunner has terminated.
Mono: successfully reloaded assembly
- Completed reload, in  2.179 seconds
Platform modules already initialized, skipping
Refreshing native plugins compatible for Editor in 0.60 ms, found 1 plugins.
Preloading 0 native plugins for Editor in 0.00 ms.
Unloading 1806 Unused Serialized files (Serialized files now loaded: 0)
System memory in use before: 88.2 MB.
System memory in use after: 88.2 MB.

Unloading 12 unused Assets to reduce memory usage. Loaded Objects now: 2408.
Total: 4.046700 ms (FindLiveObjects: 0.413400 ms CreateObjectMapping: 0.189000 ms MarkObjects: 3.239000 ms  DeleteObjects: 0.203200 ms)

========================================================================
Received Prepare
Registering precompiled user dll's ...
Registered in 0.002225 seconds.
Begin MonoManager ReloadAssembly
Native extension for WindowsStandalone target not found
Refreshing native plugins compatible for Editor in 0.64 ms, found 1 plugins.
Preloading 0 native plugins for Editor in 0.00 ms.
Invoked RoslynAnalysisRunner static constructor.
RoslynAnalysisRunner will not be running.
RoslynAnalysisRunner has terminated.
Mono: successfully reloaded assembly
- Completed reload, in  2.350 seconds
Platform modules already initialized, skipping
Refreshing native plugins compatible for Editor in 0.61 ms, found 1 plugins.
Preloading 0 native plugins for Editor in 0.00 ms.
Unloading 1806 Unused Serialized files (Serialized files now loaded: 0)
System memory in use before: 88.2 MB.
System memory in use after: 88.2 MB.

Unloading 12 unused Assets to reduce memory usage. Loaded Objects now: 2412.
Total: 4.714000 ms (FindLiveObjects: 0.492700 ms CreateObjectMapping: 0.301800 ms MarkObjects: 3.692900 ms  DeleteObjects: 0.223800 ms)

========================================================================
Received Prepare
Registering precompiled user dll's ...
Registered in 0.001850 seconds.
Begin MonoManager ReloadAssembly
Native extension for WindowsStandalone target not found
Refreshing native plugins compatible for Editor in 0.62 ms, found 1 plugins.
Preloading 0 native plugins for Editor in 0.00 ms.
Invoked RoslynAnalysisRunner static constructor.
RoslynAnalysisRunner will not be running.
RoslynAnalysisRunner has terminated.
Mono: successfully reloaded assembly
- Completed reload, in  2.192 seconds
Platform modules already initialized, skipping
Refreshing native plugins compatible for Editor in 0.60 ms, found 1 plugins.
Preloading 0 native plugins for Editor in 0.00 ms.
Unloading 1806 Unused Serialized files (Serialized files now loaded: 0)
System memory in use before: 88.2 MB.
System memory in use after: 88.2 MB.

Unloading 12 unused Assets to reduce memory usage. Loaded Objects now: 2416.
Total: 4.072200 ms (FindLiveObjects: 0.529500 ms CreateObjectMapping: 0.175500 ms MarkObjects: 3.157600 ms  DeleteObjects: 0.205900 ms)

========================================================================
Received Prepare
Registering precompiled user dll's ...
Registered in 0.001931 seconds.
Begin MonoManager ReloadAssembly
Native extension for WindowsStandalone target not found
Refreshing native plugins compatible for Editor in 0.63 ms, found 1 plugins.
Preloading 0 native plugins for Editor in 0.00 ms.
Invoked RoslynAnalysisRunner static constructor.
RoslynAnalysisRunner will not be running.
RoslynAnalysisRunner has terminated.
Mono: successfully reloaded assembly
- Completed reload, in  2.263 seconds
Platform modules already initialized, skipping
Refreshing native plugins compatible for Editor in 0.60 ms, found 1 plugins.
Preloading 0 native plugins for Editor in 0.00 ms.
Unloading 1806 Unused Serialized files (Serialized files now loaded: 0)
System memory in use before: 88.2 MB.
System memory in use after: 88.2 MB.

Unloading 12 unused Assets to reduce memory usage. Loaded Objects now: 2420.
Total: 4.779900 ms (FindLiveObjects: 0.433300 ms CreateObjectMapping: 0.196200 ms MarkObjects: 3.931600 ms  DeleteObjects: 0.216000 ms)

========================================================================
Received Prepare
Registering precompiled user dll's ...
Registered in 0.001841 seconds.
Begin MonoManager ReloadAssembly
Native extension for WindowsStandalone target not found
Refreshing native plugins compatible for Editor in 0.63 ms, found 1 plugins.
Preloading 0 native plugins for Editor in 0.00 ms.
Invoked RoslynAnalysisRunner static constructor.
RoslynAnalysisRunner will not be running.
RoslynAnalysisRunner has terminated.
Mono: successfully reloaded assembly
- Completed reload, in  2.071 seconds
Platform modules already initialized, skipping
Refreshing native plugins compatible for Editor in 0.81 ms, found 1 plugins.
Preloading 0 native plugins for Editor in 0.00 ms.
Unloading 1806 Unused Serialized files (Serialized files now loaded: 0)
System memory in use before: 88.3 MB.
System memory in use after: 88.2 MB.

Unloading 12 unused Assets to reduce memory usage. Loaded Objects now: 2424.
Total: 4.674500 ms (FindLiveObjects: 0.463000 ms CreateObjectMapping: 0.195200 ms MarkObjects: 3.803500 ms  DeleteObjects: 0.210300 ms)

========================================================================
Received Prepare
Registering precompiled user dll's ...
Registered in 0.002907 seconds.
Begin MonoManager ReloadAssembly
Native extension for WindowsStandalone target not found
Refreshing native plugins compatible for Editor in 0.72 ms, found 1 plugins.
Preloading 0 native plugins for Editor in 0.00 ms.
Invoked RoslynAnalysisRunner static constructor.
RoslynAnalysisRunner will not be running.
RoslynAnalysisRunner has terminated.
Mono: successfully reloaded assembly
- Completed reload, in  2.093 seconds
Platform modules already initialized, skipping
Refreshing native plugins compatible for Editor in 0.67 ms, found 1 plugins.
Preloading 0 native plugins for Editor in 0.00 ms.
Unloading 1806 Unused Serialized files (Serialized files now loaded: 0)
System memory in use before: 88.3 MB.
System memory in use after: 88.3 MB.

Unloading 12 unused Assets to reduce memory usage. Loaded Objects now: 2428.
Total: 4.921700 ms (FindLiveObjects: 0.553700 ms CreateObjectMapping: 0.196400 ms MarkObjects: 3.952100 ms  DeleteObjects: 0.217300 ms)

========================================================================
Received Prepare
Registering precompiled user dll's ...
Registered in 0.001985 seconds.
Begin MonoManager ReloadAssembly
Native extension for WindowsStandalone target not found
Refreshing native plugins compatible for Editor in 0.78 ms, found 1 plugins.
Preloading 0 native plugins for Editor in 0.00 ms.
Invoked RoslynAnalysisRunner static constructor.
RoslynAnalysisRunner will not be running.
RoslynAnalysisRunner has terminated.
Mono: successfully reloaded assembly
- Completed reload, in  2.909 seconds
Platform modules already initialized, skipping
Refreshing native plugins compatible for Editor in 0.60 ms, found 1 plugins.
Preloading 0 native plugins for Editor in 0.00 ms.
Unloading 1806 Unused Serialized files (Serialized files now loaded: 0)
System memory in use before: 88.3 MB.
System memory in use after: 88.3 MB.

Unloading 12 unused Assets to reduce memory usage. Loaded Objects now: 2432.
Total: 5.009300 ms (FindLiveObjects: 0.605800 ms CreateObjectMapping: 0.204900 ms MarkObjects: 3.986600 ms  DeleteObjects: 0.209600 ms)

========================================================================
Received Import Request.
  Time since last request: 572.930772 seconds.
  path: Assets/Prefabs/Player.prefab
  artifactKey: Guid(ff3dfeb30903b7e49aef7f81cf6a1e82) Importer(815301076,1909f56bfc062723c751e8b465ee728b)
Start importing Assets/Prefabs/Player.prefab using Guid(ff3dfeb30903b7e49aef7f81cf6a1e82) Importer(815301076,1909f56bfc062723c751e8b465ee728b)  -> (artifact id: 'd2de5fcd1f8ee5ccf23babba5b22b590') in 0.148671 seconds
  Import took 0.157256 seconds .

========================================================================
Received Import Request.
  Time since last request: 29.041966 seconds.
  path: Assets/Prefabs/Red Bot.prefab
  artifactKey: Guid(749b69087117ced4fbbe89165b1b254f) Importer(815301076,1909f56bfc062723c751e8b465ee728b)
Start importing Assets/Prefabs/Red Bot.prefab using Guid(749b69087117ced4fbbe89165b1b254f) Importer(815301076,1909f56bfc062723c751e8b465ee728b)  -> (artifact id: 'd860d68e71372e46f193cf3f1211bbd3') in 0.029846 seconds
  Import took 0.037019 seconds .

========================================================================
Received Import Request.
  Time since last request: 3.399284 seconds.
  path: Assets/Prefabs/Player.prefab
  artifactKey: Guid(ff3dfeb30903b7e49aef7f81cf6a1e82) Importer(815301076,1909f56bfc062723c751e8b465ee728b)
Start importing Assets/Prefabs/Player.prefab using Guid(ff3dfeb30903b7e49aef7f81cf6a1e82) Importer(815301076,1909f56bfc062723c751e8b465ee728b)  -> (artifact id: '16d26ed31ac9b7ff11d0a6bb66dedf83') in 0.016920 seconds
  Import took 0.025552 seconds .

========================================================================
Received Prepare
Registering precompiled user dll's ...
Registered in 0.004329 seconds.
Begin MonoManager ReloadAssembly
Native extension for WindowsStandalone target not found
Refreshing native plugins compatible for Editor in 1.34 ms, found 1 plugins.
Preloading 0 native plugins for Editor in 0.00 ms.
Invoked RoslynAnalysisRunner static constructor.
RoslynAnalysisRunner will not be running.
RoslynAnalysisRunner has terminated.
Mono: successfully reloaded assembly
- Completed reload, in  2.786 seconds
Platform modules already initialized, skipping
Refreshing native plugins compatible for Editor in 1.50 ms, found 1 plugins.
Preloading 0 native plugins for Editor in 0.00 ms.
Unloading 1806 Unused Serialized files (Serialized files now loaded: 0)
System memory in use before: 88.3 MB.
System memory in use after: 88.3 MB.

Unloading 12 unused Assets to reduce memory usage. Loaded Objects now: 2437.
Total: 7.987000 ms (FindLiveObjects: 1.259000 ms CreateObjectMapping: 0.292100 ms MarkObjects: 6.167800 ms  DeleteObjects: 0.264700 ms)

========================================================================
Received Prepare
Registering precompiled user dll's ...
Registered in 0.004258 seconds.
Begin MonoManager ReloadAssembly
Native extension for WindowsStandalone target not found
Refreshing native plugins compatible for Editor in 0.64 ms, found 1 plugins.
Preloading 0 native plugins for Editor in 0.00 ms.
Invoked RoslynAnalysisRunner static constructor.
RoslynAnalysisRunner will not be running.
RoslynAnalysisRunner has terminated.
Mono: successfully reloaded assembly
- Completed reload, in  2.669 seconds
Platform modules already initialized, skipping
Refreshing native plugins compatible for Editor in 0.61 ms, found 1 plugins.
Preloading 0 native plugins for Editor in 0.00 ms.
Unloading 1806 Unused Serialized files (Serialized files now loaded: 0)
System memory in use before: 88.3 MB.
System memory in use after: 88.3 MB.

Unloading 12 unused Assets to reduce memory usage. Loaded Objects now: 2441.
Total: 6.158200 ms (FindLiveObjects: 0.637600 ms CreateObjectMapping: 0.283500 ms MarkObjects: 4.955400 ms  DeleteObjects: 0.277200 ms)

========================================================================
Received Prepare
Registering precompiled user dll's ...
Registered in 0.008988 seconds.
Begin MonoManager ReloadAssembly
Native extension for WindowsStandalone target not found
Refreshing native plugins compatible for Editor in 1.04 ms, found 1 plugins.
Preloading 0 native plugins for Editor in 0.00 ms.
Invoked RoslynAnalysisRunner static constructor.
RoslynAnalysisRunner will not be running.
RoslynAnalysisRunner has terminated.
Mono: successfully reloaded assembly
- Completed reload, in  2.843 seconds
Platform modules already initialized, skipping
Refreshing native plugins compatible for Editor in 0.64 ms, found 1 plugins.
Preloading 0 native plugins for Editor in 0.00 ms.
Unloading 1806 Unused Serialized files (Serialized files now loaded: 0)
System memory in use before: 88.3 MB.
System memory in use after: 88.3 MB.

Unloading 12 unused Assets to reduce memory usage. Loaded Objects now: 2445.
Total: 5.900200 ms (FindLiveObjects: 0.496400 ms CreateObjectMapping: 0.169300 ms MarkObjects: 5.007000 ms  DeleteObjects: 0.223200 ms)

========================================================================
Received Import Request.
  Time since last request: 909.473439 seconds.
  path: Assets/Prefabs/Red Bot.prefab
  artifactKey: Guid(749b69087117ced4fbbe89165b1b254f) Importer(815301076,1909f56bfc062723c751e8b465ee728b)
Start importing Assets/Prefabs/Red Bot.prefab using Guid(749b69087117ced4fbbe89165b1b254f) Importer(815301076,1909f56bfc062723c751e8b465ee728b)  -> (artifact id: 'd6a5e79c10567b006efbe53916bab6a9') in 0.219327 seconds
  Import took 0.237951 seconds .

